#
# A fatal error has been detected by the Java Runtime Environment:
#
#  EXCEPTION_ACCESS_VIOLATION (0xc0000005) at pc=0x00007ff90c76be2c, pid=18608, tid=12860
#
# JRE version: OpenJDK Runtime Environment (22.0.2+9) (build 22.0.2+9-70)
# Java VM: OpenJDK 64-Bit Server VM (22.0.2+9-70, mixed mode, sharing, tiered, compressed oops, compressed class ptrs, g1 gc, windows-amd64)
# Problematic frame:
# C  [awt.dll+0xdbe2c]
#
# No core dump will be written. Minidumps are not enabled by default on client versions of Windows
#
# If you would like to submit a bug report, please visit:
#   https://bugreport.java.com/bugreport/crash.jsp
# The crash happened outside the Java Virtual Machine in native code.
# See problematic frame for where to report the bug.
#

---------------  S U M M A R Y ------------

Command Line: -javaagent:C:\Program Files\JetBrains\IntelliJ IDEA 2024.2\lib\idea_rt.jar=50259:C:\Program Files\JetBrains\IntelliJ IDEA 2024.2\bin -Dfile.encoding=UTF-8 -Dsun.stdout.encoding=UTF-8 -Dsun.stderr.encoding=UTF-8 InterfazGrafica.MenuPrincipal

Host: 12th Gen Intel(R) Core(TM) i5-12400, 12 cores, 15G,  Windows 10 , 64 bit Build 19041 (10.0.19041.4717)
Time: Thu Aug 22 21:19:43 2024 Hora de verano romance elapsed time: 247067.864913 seconds (2d 20h 37m 47s)

---------------  T H R E A D  ---------------

Current thread (0x000002b4c3a50830):  JavaThread "AWT-Windows" daemon [_thread_in_native, id=12860, stack(0x000000e858400000,0x000000e858500000) (1024K)]

Stack: [0x000000e858400000,0x000000e858500000],  sp=0x000000e8584fe690,  free space=1017k
Native frames: (J=compiled Java code, j=interpreted, Vv=VM code, C=native code)
C  [awt.dll+0xdbe2c]  (no source info available)
C  [awt.dll+0x9791b]  (no source info available)
C  [awt.dll+0x97966]  (no source info available)
C  [awt.dll+0x94cb6]  (no source info available)
C  [awt.dll+0xe0cac]  (no source info available)
C  [awt.dll+0xb0efd]  (no source info available)
C  [awt.dll+0x97e9d]  (no source info available)
C  [USER32.dll+0xef5c]  (no source info available)
C  [USER32.dll+0xe9de]  (no source info available)
C  [awt.dll+0x161c3]  (no source info available)
C  [COMCTL32.dll+0x89aaa]  (no source info available)
C  [COMCTL32.dll+0x898a7]  (no source info available)
C  [USER32.dll+0xef5c]  (no source info available)
C  [USER32.dll+0xe684]  (no source info available)
C  [awt.dll+0xd4fbe]  (no source info available)
C  [awt.dll+0xd6f62]  (no source info available)
C  0x000002b4b3a3cfc7  (no source info available)

The last pc belongs to native method entry point (kind = native) (printed below).
Java frames: (J=compiled Java code, j=interpreted, Vv=VM code)
j  sun.awt.windows.WToolkit.eventLoop()V+0 java.desktop@22.0.2
j  sun.awt.windows.WToolkit.run()V+50 java.desktop@22.0.2
j  java.lang.Thread.runWith(Ljava/lang/Object;Ljava/lang/Runnable;)V+5 java.base@22.0.2
j  java.lang.Thread.run()V+19 java.base@22.0.2
v  ~StubRoutines::call_stub 0x000002b4b3a3100d

siginfo: EXCEPTION_ACCESS_VIOLATION (0xc0000005), reading address 0x00000053452d7369


Registers:
RAX=0x000002b4c3a64dd0, RBX=0x000002b50a59de70, RCX=0x00000053452d7365, RDX=0x0000000000000000
RSP=0x000000e8584fe690, RBP=0x000000e8584fe799, RSI=0x000002b4c3b0c010, RDI=0x0000000000000000
R8 =0x0000000000000001, R9 =0x000000e8584fe799, R10=0x0000000000000000, R11=0x0000000000000246
R12=0x0000000000000000, R13=0x0000000000000310, R14=0x0000000000000000, R15=0x0000000000000000
RIP=0x00007ff90c76be2c, EFLAGS=0x0000000000010246


Register to memory mapping:

RAX=0x000002b4c3a64dd0 points into unknown readable memory: 0x0057005c003a0043 | 43 00 3a 00 5c 00 57 00
RBX=0x000002b50a59de70 points into unknown readable memory: 0x000002b50a59a0b0 | b0 a0 59 0a b5 02 00 00
RCX=0x00000053452d7365 is an unknown value
RDX=0x0 is null
RSP=0x000000e8584fe690 is pointing into the stack for thread: 0x000002b4c3a50830
RBP=0x000000e8584fe799 is pointing into the stack for thread: 0x000002b4c3a50830
RSI=0x000002b4c3b0c010 points into unknown readable memory: 0x00007ff90c79b8e0 | e0 b8 79 0c f9 7f 00 00
RDI=0x0 is null
R8 =0x0000000000000001 is an unknown value
R9 =0x000000e8584fe799 is pointing into the stack for thread: 0x000002b4c3a50830
R10=0x0 is null
R11=0x0000000000000246 is an unknown value
R12=0x0 is null
R13=0x0000000000000310 is an unknown value
R14=0x0 is null
R15=0x0 is null

Top of Stack: (sp=0x000000e8584fe690)
0x000000e8584fe690:   00007ff90c7c9848 0000000000000000
0x000000e8584fe6a0:   ffffffffca010c66 000000e8584fe799
0x000000e8584fe6b0:   0000000000000000 00007ff90c72791b
0x000000e8584fe6c0:   0000000000000000 000002b50a59de70
0x000000e8584fe6d0:   0000000000000000 000002b4c3b0c010
0x000000e8584fe6e0:   000002b4c3b0c010 00007ff90c727966
0x000000e8584fe6f0:   00007ff90c690000 0000000000000000
0x000000e8584fe700:   0000000000000000 0000000000000000
0x000000e8584fe710:   000002b4c3b0c010 00007ff90c724cb6
0x000000e8584fe720:   000002b4c3b0c010 0000000000000000
0x000000e8584fe730:   0000000000000000 000000e8584fea80
0x000000e8584fe740:   000000000000c22b 00007ff93cb7f1b2
0x000000e8584fe750:   0000000000000000 0000000000000020
0x000000e8584fe760:   0000000000000000 00007ff92c2a9aaa
0x000000e8584fe770:   0000000000000000 00007ff93e7a9877
0x000000e8584fe780:   000000e8584fe840 000002b4c3a50bf0
0x000000e8584fe790:   000002b4c3b0c0b0 0000000000000000
0x000000e8584fe7a0:   0000000000000000 000012d6dc7626bf
0x000000e8584fe7b0:   0000000000000001 0000000000000000
0x000000e8584fe7c0:   0000000000000000 0000000000000000
0x000000e8584fe7d0:   0000000000000000 0000000000000310
0x000000e8584fe7e0:   0000000000000000 000002b4c3b0c010
0x000000e8584fe7f0:   000002b4c3b0c010 00007ff90c770cac
0x000000e8584fe800:   0000000000000001 0000000000000000
0x000000e8584fe810:   0000000000000000 00007ff93cb7ca9b
0x000000e8584fe820:   000000000000c22b 0000000004380780
0x000000e8584fe830:   0000000000000000 00000000000616e6
0x000000e8584fe840:   000002b4a2680cc0 00007ff93cb80317
0x000000e8584fe850:   0000000000000000 00007ff93e7a9993
0x000000e8584fe860:   000000e856b17800 00000000ffffffeb
0x000000e8584fe870:   0000000000000000 000012d6dc76299f
0x000000e8584fe880:   000000e8584fea80 0000000000000000 

Instructions: (pc=0x00007ff90c76be2c)
0x00007ff90c76bd2c:   2b fe 66 90 8b 04 0f 89 01 48 8d 49 04 48 83 ea
0x00007ff90c76bd3c:   01 75 f1 45 85 ff 7e 11 4d 8b c7 33 d2 49 c1 e0
0x00007ff90c76bd4c:   02 49 8b ce e8 f3 0a 01 00 48 8b 03 45 33 c9 4d
0x00007ff90c76bd5c:   8b c6 48 8b d5 48 8b cb ff 90 f8 06 00 00 48 8b
0x00007ff90c76bd6c:   03 45 33 c9 4c 8b c6 49 8b d4 48 8b cb ff 90 f8
0x00007ff90c76bd7c:   06 00 00 4c 8b 05 4a a6 06 00 48 8b cb 48 8b 15
0x00007ff90c76bd8c:   20 a6 06 00 e8 9b f7 fb ff e9 5d ff ff ff 48 8d
0x00007ff90c76bd9c:   15 ff 3c 03 00 48 8b cb e8 55 f3 00 00 e9 58 ff
0x00007ff90c76bdac:   ff ff cc cc 48 89 5c 24 08 57 48 83 ec 20 8b f9
0x00007ff90c76bdbc:   e8 df be f4 ff 48 8b d8 48 89 44 24 38 41 b8 01
0x00007ff90c76bdcc:   00 00 00 8b d7 48 8b c8 e8 47 be f4 ff 48 8b c8
0x00007ff90c76bddc:   e8 8f fd ff ff 90 48 8b cb e8 76 c0 f4 ff 90 48
0x00007ff90c76bdec:   8b 5c 24 30 48 83 c4 20 5f c3 cc cc cc cc cc cc
0x00007ff90c76bdfc:   cc cc cc cc 48 89 5c 24 08 57 48 83 ec 20 8b f9
0x00007ff90c76be0c:   e8 8f be f4 ff 48 8b d8 48 89 44 24 38 41 b8 01
0x00007ff90c76be1c:   00 00 00 8b d7 48 8b c8 e8 f7 bd f4 ff 48 8b 08
0x00007ff90c76be2c:   83 79 04 08 7e 04 33 ff eb 0b 48 8b 48 08 e8 31
0x00007ff90c76be3c:   7d fe ff 8b f8 48 8b cb e8 17 c0 f4 ff 90 8b c7
0x00007ff90c76be4c:   48 8b 5c 24 30 48 83 c4 20 5f c3 cc cc cc cc cc
0x00007ff90c76be5c:   cc cc cc cc 48 89 5c 24 08 48 89 74 24 10 48 89
0x00007ff90c76be6c:   7c 24 18 41 56 48 83 ec 30 41 8b f9 45 8b f0 48
0x00007ff90c76be7c:   8b f2 48 8b d9 e8 da 89 00 00 e8 75 ad ff ff 8b
0x00007ff90c76be8c:   44 24 68 89 44 24 20 44 8b 4c 24 60 44 8b c7 41
0x00007ff90c76be9c:   8b d6 48 8b cb e8 6a e6 ff ff 48 8b f8 48 85 c0
0x00007ff90c76beac:   74 7f 48 8b 03 48 8b d6 48 8b cb ff 90 f8 00 00
0x00007ff90c76bebc:   00 48 8b d0 48 8b cb 48 85 c0 75 0e 48 8d 15 59
0x00007ff90c76becc:   3d 03 00 e8 2a f2 00 00 eb 57 48 8b 03 4c 8d 0d
0x00007ff90c76bedc:   70 3d 03 00 4c 8d 05 81 3d 03 00 ff 90 08 01 00
0x00007ff90c76beec:   00 48 8b cb 48 85 c0 75 1a 48 8b 03 ff 90 88 00
0x00007ff90c76befc:   00 00 48 8d 15 6b 3d 03 00 48 8b cb e8 f1 f1 00
0x00007ff90c76bf0c:   00 eb 1e 4c 8b cf 4c 8b c0 48 8b d6 e8 43 e2 fa
0x00007ff90c76bf1c:   ff 48 8b 03 48 8b d7 48 8b cb ff 90 b8 00 00 00 


Stack slot to memory mapping:

stack at sp + 0 slots: 0x00007ff90c7c9848 awt.dll
stack at sp + 1 slots: 0x0 is null
stack at sp + 2 slots: 0xffffffffca010c66 is an unknown value
stack at sp + 3 slots: 0x000000e8584fe799 is pointing into the stack for thread: 0x000002b4c3a50830
stack at sp + 4 slots: 0x0 is null
stack at sp + 5 slots: 0x00007ff90c72791b awt.dll
stack at sp + 6 slots: 0x0 is null
stack at sp + 7 slots: 0x000002b50a59de70 points into unknown readable memory: 0x000002b50a59a0b0 | b0 a0 59 0a b5 02 00 00

native method entry point (kind = native)  [0x000002b4b3a3cba0, 0x000002b4b3a3d6c0]  2848 bytes
[MachCode]
  0x000002b4b3a3cba0: 488b 4b08 | 0fb7 492e | 584c 8d74 | ccf8 6800 | 0000 0068 | 0000 0000 | 5055 488b | ec41 5568 
  0x000002b4b3a3cbc0: 0000 0000 | 4c8b 6b08 | 4d8d 6d38 | 5348 8b53 | 0848 8b52 | 0848 8b52 | 1848 8b52 | 7048 8b12 
  0x000002b4b3a3cbe0: 5248 8b53 | 1048 85d2 | 0f84 0700 | 0000 4881 | c210 0100 | 0052 488b | 5308 488b | 5208 488b 
  0x000002b4b3a3cc00: 5210 5249 | 8bc6 482b | c548 c1e8 | 0350 6800 | 0000 0068 | f7ff ffff | 41c6 8781 | 0400 0001 
  0x000002b4b3a3cc20: 488b 4310 | 4885 c074 | 208b 88cc | 0000 0083 | c102 8988 | cc00 0000 | 2388 e000 | 0000 0f84 
  0x000002b4b3a3cc40: cb09 0000 | e9cf 0000 | 0048 8b43 | 1848 85c0 | 0f85 b000 | 0000 e805 | 0000 00e9 | 9900 0000 
  0x000002b4b3a3cc60: 488b d348 | 8d44 2408 | 4c89 6dc0 | 498b cfc5 | f877 4989 | afb0 0300 | 0049 8987 | a003 0000 
  0x000002b4b3a3cc80: 4883 ec20 | 40f6 c40f | 0f84 1900 | 0000 4883 | ec08 48b8 | 00a7 cb08 | f97f 0000 | ffd0 4883 
  0x000002b4b3a3cca0: c408 e90c | 0000 0048 | b800 a7cb | 08f9 7f00 | 00ff d048 | 83c4 2049 | c787 a003 | 0000 0000 
  0x000002b4b3a3ccc0: 0000 49c7 | 87b0 0300 | 0000 0000 | 0049 c787 | a803 0000 | 0000 0000 | c5f8 7749 | 837f 0800 
  0x000002b4b3a3cce0: 0f84 0500 | 0000 e915 | 42ff ff4c | 8b6d c04c | 8b75 c84e | 8d74 f500 | c348 8b43 | 1848 85c0 
  0x000002b4b3a3cd00: 0f84 1200 | 0000 8b48 | 0883 c102 | 8948 0823 | 481c 0f84 | f708 0000 | 493b a7f0 | 0400 000f 
  0x000002b4b3a3cd20: 8748 0000 | 0089 8424 | 00f0 ffff | 8984 2400 | e0ff ff89 | 8424 00d0 | ffff 8984 | 2400 c0ff 
  0x000002b4b3a3cd40: ff89 8424 | 00b0 ffff | 8984 2400 | a0ff ff89 | 8424 0090 | ffff 8984 | 2400 80ff | ff49 3ba7 
  0x000002b4b3a3cd60: e804 0000 | 7607 4989 | a7f0 0400 | 0041 c687 | 8104 0000 | 0049 ba6c | 4052 09f9 | 7f00 0041 
  0x000002b4b3a3cd80: 803a 000f | 843e 0000 | 0048 8b55 | e849 8bcf | 4883 ec20 | 40f6 c40f | 0f84 1900 | 0000 4883 
  0x000002b4b3a3cda0: ec08 48b8 | 80b9 0209 | f97f 0000 | ffd0 4883 | c408 e90c | 0000 0048 | b880 b902 | 09f9 7f00 
  0x000002b4b3a3cdc0: 00ff d048 | 83c4 2048 | 8b5d e84c | 8b5b 0845 | 0fb7 5b2e | 41c1 e303 | 492b e348 | 83ec 2048 
  0x000002b4b3a3cde0: 83e4 f04c | 8b5b 604d | 85db 0f85 | ab00 0000 | e805 0000 | 00e9 9900 | 0000 488b | d348 8d44 
  0x000002b4b3a3ce00: 2408 4c89 | 6dc0 498b | cfc5 f877 | 4989 afb0 | 0300 0049 | 8987 a003 | 0000 4883 | ec20 40f6 
  0x000002b4b3a3ce20: c40f 0f84 | 1900 0000 | 4883 ec08 | 48b8 20ce | cb08 f97f | 0000 ffd0 | 4883 c408 | e90c 0000 
  0x000002b4b3a3ce40: 0048 b820 | cecb 08f9 | 7f00 00ff | d048 83c4 | 2049 c787 | a003 0000 | 0000 0000 | 49c7 87b0 
  0x000002b4b3a3ce60: 0300 0000 | 0000 0049 | c787 a803 | 0000 0000 | 0000 c5f8 | 7749 837f | 0800 0f84 | 0500 0000 
  0x000002b4b3a3ce80: e97b 40ff | ff4c 8b6d | c04c 8b75 | c84e 8d74 | f500 c348 | 8b5d e84c | 8b5b 6041 | ffd3 488b 
  0x000002b4b3a3cea0: 5de8 4889 | 4518 448b | 5b28 41f6 | c308 0f84 | 1b00 0000 | 4c8b 5b08 | 4d8b 5b08 | 4d8b 5b18 
  0x000002b4b3a3cec0: 4d8b 5b70 | 4d8b 1b4c | 895d 1048 | 8d55 1048 | 8b43 5849 | ba80 1003 | 09f9 7f00 | 0049 3bc2 
  0x000002b4b3a3cee0: 0f85 ab00 | 0000 e805 | 0000 00e9 | 9900 0000 | 488b d348 | 8d44 2408 | 4c89 6dc0 | 498b cfc5 
  0x000002b4b3a3cf00: f877 4989 | afb0 0300 | 0049 8987 | a003 0000 | 4883 ec20 | 40f6 c40f | 0f84 1900 | 0000 4883 
  0x000002b4b3a3cf20: ec08 48b8 | 20ce cb08 | f97f 0000 | ffd0 4883 | c408 e90c | 0000 0048 | b820 cecb | 08f9 7f00 
  0x000002b4b3a3cf40: 00ff d048 | 83c4 2049 | c787 a003 | 0000 0000 | 0000 49c7 | 87b0 0300 | 0000 0000 | 0049 c787 
  0x000002b4b3a3cf60: a803 0000 | 0000 0000 | c5f8 7749 | 837f 0800 | 0f84 0500 | 0000 e985 | 3fff ff4c | 8b6d c04c 
  0x000002b4b3a3cf80: 8b75 c84e | 8d74 f500 | c348 8b5d | e848 8b43 | 5849 8d8f | c003 0000 | c5f8 7749 | 89af b003 
  0x000002b4b3a3cfa0: 0000 49ba | 98cf a3b3 | b402 0000 | 4d89 97a8 | 0300 0049 | 89a7 a003 | 0000 41c7 | 8754 0400 
  0x000002b4b3a3cfc0: 0004 0000 | 00ff d0c5 | f877 4883 | ec10 c5fb | 1104 2448 | 83ec 1048 | 8904 2448 | c744 2408 
  0x000002b4b3a3cfe0: 0000 0000 | 41c7 8754 | 0400 0005 | 0000 00f0 | 8344 24c0 | 0049 3baf | 5804 0000 | 0f87 0e00 
  0x000002b4b3a3d000: 0000 4183 | bf50 0400 | 0000 0f84 | 2000 0000 | 498b cf4c | 8be4 4883 | ec20 4883 | e4f0 48b8 
  0x000002b4b3a3d020: 4023 cd08 | f97f 0000 | ffd0 498b | e44d 33e4 | 41c7 8754 | 0400 0008 | 0000 0049 | c787 a003 
  0x000002b4b3a3d040: 0000 0000 | 0000 49c7 | 87b0 0300 | 0000 0000 | 0049 c787 | a803 0000 | 0000 0000 | c5f8 774d 
  0x000002b4b3a3d060: 8b9f 3004 | 0000 41c7 | 8300 0100 | 0000 0000 | 0049 bb1a | a5a3 b3b4 | 0200 004c | 3b5d 180f 
  0x000002b4b3a3d080: 8524 0200 | 0048 8b04 | 2448 83c4 | 1048 85c0 | 0f84 fe01 | 0000 a803 | 0f85 0800 | 0000 488b 
  0x000002b4b3a3d0a0: 00e9 ee01 | 0000 a801 | 0f85 0900 | 0000 488b | 40fe e9dd | 0100 0048 | 8b40 ff41 | 807f 3800 
  0x000002b4b3a3d0c0: 0f84 ce01 | 0000 4883 | f800 0f84 | c401 0000 | 4d8b 5f28 | 4983 fb00 | 0f84 1400 | 0000 4983 
  0x000002b4b3a3d0e0: eb08 4d89 | 5f28 4d03 | 5f30 4989 | 03e9 a201 | 0000 4881 | ecd0 0000 | 0048 8904 | 2448 894c 
  0x000002b4b3a3d100: 2408 4889 | 5424 1048 | 8974 2418 | 4889 7c24 | 204c 8944 | 2428 4c89 | 4c24 304c | 8954 2438 
  0x000002b4b3a3d120: 4c89 5c24 | 40c5 fb11 | 4424 50c5 | fb11 4c24 | 58c5 fb11 | 5424 60c5 | fb11 5c24 | 68c5 fb11 
  0x000002b4b3a3d140: 6424 70c5 | fb11 6c24 | 78c5 fb11 | b424 8000 | 0000 c5fb | 11bc 2488 | 0000 00c5 | 7b11 8424 
  0x000002b4b3a3d160: 9000 0000 | c57b 118c | 2498 0000 | 00c5 7b11 | 9424 a000 | 0000 c57b | 119c 24a8 | 0000 00c5 
  0x000002b4b3a3d180: 7b11 a424 | b000 0000 | c57b 11ac | 24b8 0000 | 00c5 7b11 | b424 c000 | 0000 c57b | 11bc 24c8 
  0x000002b4b3a3d1a0: 0000 0049 | 8bd7 488b | c848 83ec | 2040 f6c4 | 0f0f 8419 | 0000 0048 | 83ec 0848 | b830 3fc0 
  0x000002b4b3a3d1c0: 08f9 7f00 | 00ff d048 | 83c4 08e9 | 0c00 0000 | 48b8 303f | c008 f97f | 0000 ffd0 | 4883 c420 
  0x000002b4b3a3d1e0: c57b 10bc | 24c8 0000 | 00c5 7b10 | b424 c000 | 0000 c57b | 10ac 24b8 | 0000 00c5 | 7b10 a424 
  0x000002b4b3a3d200: b000 0000 | c57b 109c | 24a8 0000 | 00c5 7b10 | 9424 a000 | 0000 c57b | 108c 2498 | 0000 00c5 
  0x000002b4b3a3d220: 7b10 8424 | 9000 0000 | c5fb 10bc | 2488 0000 | 00c5 fb10 | b424 8000 | 0000 c5fb | 106c 2478 
  0x000002b4b3a3d240: c5fb 1064 | 2470 c5fb | 105c 2468 | c5fb 1054 | 2460 c5fb | 104c 2458 | c5fb 1044 | 2450 4c8b 
  0x000002b4b3a3d260: 5c24 404c | 8b54 2438 | 4c8b 4c24 | 304c 8b44 | 2428 488b | 7c24 2048 | 8b74 2418 | 488b 5424 
  0x000002b4b3a3d280: 1048 8b4c | 2408 488b | 0424 4881 | c4d0 0000 | 00c5 f877 | 4889 4510 | 4883 ec10 | 4889 0424 
  0x000002b4b3a3d2a0: 48c7 4424 | 0800 0000 | 0041 83bf | d004 0000 | 020f 85bf | 0000 0048 | 81ec 8000 | 0000 4889 
  0x000002b4b3a3d2c0: 4424 7848 | 894c 2470 | 4889 5424 | 6848 895c | 2460 4889 | 6c24 5048 | 8974 2448 | 4889 7c24 
  0x000002b4b3a3d2e0: 404c 8944 | 2438 4c89 | 4c24 304c | 8954 2428 | 4c89 5c24 | 204c 8964 | 2418 4c89 | 6c24 104c 
  0x000002b4b3a3d300: 8974 2408 | 4c89 3c24 | 4c8b e448 | 83ec 2048 | 83e4 f048 | b8d0 f102 | 09f9 7f00 | 00ff d049 
  0x000002b4b3a3d320: 8be4 4c8b | 3c24 4c8b | 7424 084c | 8b6c 2410 | 4c8b 6424 | 184c 8b5c | 2420 4c8b | 5424 284c 
  0x000002b4b3a3d340: 8b4c 2430 | 4c8b 4424 | 3848 8b7c | 2440 488b | 7424 4848 | 8b6c 2450 | 488b 5c24 | 6048 8b54 
  0x000002b4b3a3d360: 2468 488b | 4c24 7048 | 8b44 2478 | 4881 c480 | 0000 004d | 33e4 488b | 5de8 4c8b | 6b08 4d8d 
  0x000002b4b3a3d380: 6d38 4983 | 7f08 000f | 84bb 0000 | 00e8 0500 | 0000 e996 | 0000 0048 | 8d44 2408 | 4c89 6dc0 
  0x000002b4b3a3d3a0: 498b cfc5 | f877 4989 | afb0 0300 | 0049 8987 | a003 0000 | 4883 ec20 | 40f6 c40f | 0f84 1900 
  0x000002b4b3a3d3c0: 0000 4883 | ec08 48b8 | 60ec cb08 | f97f 0000 | ffd0 4883 | c408 e90c | 0000 0048 | b860 eccb 
  0x000002b4b3a3d3e0: 08f9 7f00 | 00ff d048 | 83c4 2049 | c787 a003 | 0000 0000 | 0000 49c7 | 87b0 0300 | 0000 0000 
  0x000002b4b3a3d400: 0049 c787 | a803 0000 | 0000 0000 | c5f8 7749 | 837f 0800 | 0f84 0500 | 0000 e9e1 | 3aff ff4c 
  0x000002b4b3a3d420: 8b6d c04c | 8b75 c84e | 8d74 f500 | c348 b9b0 | 282a 09f9 | 7f00 0048 | 83e4 f048 | b830 99f1 
  0x000002b4b3a3d440: 08f9 7f00 | 00ff d0f4 | 448b 5b28 | 41f6 c320 | 0f84 4401 | 0000 488d | 55a8 4c8b | 5a08 4d85 
  0x000002b4b3a3d460: db0f 85bb | 0000 00e8 | 0500 0000 | e996 0000 | 0048 8d44 | 2408 4c89 | 6dc0 498b | cfc5 f877 
  0x000002b4b3a3d480: 4989 afb0 | 0300 0049 | 8987 a003 | 0000 4883 | ec20 40f6 | c40f 0f84 | 1900 0000 | 4883 ec08 
  0x000002b4b3a3d4a0: 48b8 90eb | cb08 f97f | 0000 ffd0 | 4883 c408 | e90c 0000 | 0048 b890 | ebcb 08f9 | 7f00 00ff 
  0x000002b4b3a3d4c0: d048 83c4 | 2049 c787 | a003 0000 | 0000 0000 | 49c7 87b0 | 0300 0000 | 0000 0049 | c787 a803 
  0x000002b4b3a3d4e0: 0000 0000 | 0000 c5f8 | 7749 837f | 0800 0f84 | 0500 0000 | e907 3aff | ff4c 8b6d | c04c 8b75 
  0x000002b4b3a3d500: c84e 8d74 | f500 c348 | b9b0 282a | 09f9 7f00 | 0048 83e4 | f048 b830 | 99f1 08f9 | 7f00 00ff 
  0x000002b4b3a3d520: d0f4 4c89 | 6dc0 488d | 024c 8b4a | 0848 c742 | 0800 0000 | 004c 8b00 | 4d85 c00f | 840b 0000 
  0x000002b4b3a3d540: 00f0 4d0f | b101 0f85 | 0c00 0000 | 49ff 8f58 | 0500 00e9 | 3e00 0000 | 4c89 4a08 | 488b ca48 
  0x000002b4b3a3d560: 83ec 2040 | f6c4 0f0f | 8419 0000 | 0048 83ec | 0848 b820 | becb 08f9 | 7f00 00ff | d048 83c4 
  0x000002b4b3a3d580: 08e9 0c00 | 0000 48b8 | 20be cb08 | f97f 0000 | ffd0 4883 | c420 4c8b | 6dc0 49ba | 6c40 5209 
  0x000002b4b3a3d5a0: f97f 0000 | 4180 3a00 | 0f84 3e00 | 0000 488b | 55e8 498b | cf48 83ec | 2040 f6c4 | 0f0f 8419 
  0x000002b4b3a3d5c0: 0000 0048 | 83ec 0848 | b880 b902 | 09f9 7f00 | 00ff d048 | 83c4 08e9 | 0c00 0000 | 48b8 80b9 
  0x000002b4b3a3d5e0: 0209 f97f | 0000 ffd0 | 4883 c420 | 488b 0424 | 4883 c410 | c5fb 1004 | 2448 83c4 | 104c 8b5d 
  0x000002b4b3a3d600: 1841 ffd3 | 4c8b 5df8 | c95f 498b | e3ff e7ba | 0000 0000 | e805 0000 | 00e9 9600 | 0000 488d 
  0x000002b4b3a3d620: 4424 084c | 896d c049 | 8bcf c5f8 | 7749 89af | b003 0000 | 4989 87a0 | 0300 0048 | 83ec 2040 
  0x000002b4b3a3d640: f6c4 0f0f | 8419 0000 | 0048 83ec | 0848 b8e0 | b1cb 08f9 | 7f00 00ff | d048 83c4 | 08e9 0c00 
  0x000002b4b3a3d660: 0000 48b8 | e0b1 cb08 | f97f 0000 | ffd0 4883 | c420 49c7 | 87a0 0300 | 0000 0000 | 0049 c787 
  0x000002b4b3a3d680: b003 0000 | 0000 0000 | 49c7 87a8 | 0300 0000 | 0000 00c5 | f877 4983 | 7f08 000f | 8405 0000 
  0x000002b4b3a3d6a0: 00e9 5a38 | ffff 4c8b | 6dc0 4c8b | 75c8 4e8d | 74f5 00c3 | 488b 5de8 | e95b f6ff | ff66 6690 
[/MachCode]

---------------  P R O C E S S  ---------------

Threads class SMR info:
_java_thread_list=0x000002b50a20f800, length=16, elements={
0x000002b4c35adfe0, 0x000002b4c35aff10, 0x000002b4c35b8120, 0x000002b4c35baef0,
0x000002b4c35bb950, 0x000002b4c35bc3b0, 0x000002b4c35ca660, 0x000002b4c35cdb80,
0x000002b4c37cd0b0, 0x000002b4c3944d70, 0x000002b4c39453e0, 0x000002b4c3a46880,
0x000002b4c3a4fa70, 0x000002b4c3a50830, 0x000002b4c3a5b570, 0x000002b4a41add40
}

Java Threads: ( => current thread )
  0x000002b4c35adfe0 JavaThread "Reference Handler"          daemon [_thread_blocked, id=16900, stack(0x000000e857700000,0x000000e857800000) (1024K)]
  0x000002b4c35aff10 JavaThread "Finalizer"                  daemon [_thread_blocked, id=13652, stack(0x000000e857800000,0x000000e857900000) (1024K)]
  0x000002b4c35b8120 JavaThread "Signal Dispatcher"          daemon [_thread_blocked, id=17960, stack(0x000000e857900000,0x000000e857a00000) (1024K)]
  0x000002b4c35baef0 JavaThread "Attach Listener"            daemon [_thread_blocked, id=17416, stack(0x000000e857a00000,0x000000e857b00000) (1024K)]
  0x000002b4c35bb950 JavaThread "Service Thread"             daemon [_thread_blocked, id=10588, stack(0x000000e857b00000,0x000000e857c00000) (1024K)]
  0x000002b4c35bc3b0 JavaThread "Monitor Deflation Thread"   daemon [_thread_blocked, id=2148, stack(0x000000e857c00000,0x000000e857d00000) (1024K)]
  0x000002b4c35ca660 JavaThread "C2 CompilerThread0"         daemon [_thread_blocked, id=12648, stack(0x000000e857d00000,0x000000e857e00000) (1024K)]
  0x000002b4c35cdb80 JavaThread "C1 CompilerThread0"         daemon [_thread_blocked, id=13488, stack(0x000000e857e00000,0x000000e857f00000) (1024K)]
  0x000002b4c37cd0b0 JavaThread "Common-Cleaner"             daemon [_thread_blocked, id=22180, stack(0x000000e857f00000,0x000000e858000000) (1024K)]
  0x000002b4c3944d70 JavaThread "Monitor Ctrl-Break"         daemon [_thread_in_native, id=25276, stack(0x000000e858000000,0x000000e858100000) (1024K)]
  0x000002b4c39453e0 JavaThread "Notification Thread"        daemon [_thread_blocked, id=25960, stack(0x000000e858100000,0x000000e858200000) (1024K)]
  0x000002b4c3a46880 JavaThread "Java2D Disposer"            daemon [_thread_blocked, id=25432, stack(0x000000e858200000,0x000000e858300000) (1024K)]
  0x000002b4c3a4fa70 JavaThread "AWT-Shutdown"                      [_thread_blocked, id=20624, stack(0x000000e858300000,0x000000e858400000) (1024K)]
=>0x000002b4c3a50830 JavaThread "AWT-Windows"                daemon [_thread_in_native, id=12860, stack(0x000000e858400000,0x000000e858500000) (1024K)]
  0x000002b4c3a5b570 JavaThread "AWT-EventQueue-0"                  [_thread_blocked, id=2308, stack(0x000000e858500000,0x000000e858600000) (1024K)]
  0x000002b4a41add40 JavaThread "DestroyJavaVM"                     [_thread_blocked, id=8720, stack(0x000000e856f00000,0x000000e857000000) (1024K)]
Total: 16

Other Threads:
  0x000002b4c3595780 VMThread "VM Thread"                           [id=17124, stack(0x000000e857600000,0x000000e857700000) (1024K)]
  0x000002b4c357e400 WatcherThread "VM Periodic Task Thread"        [id=704, stack(0x000000e857500000,0x000000e857600000) (1024K)]
  0x000002b4a4215280 WorkerThread "GC Thread#0"                     [id=10828, stack(0x000000e857000000,0x000000e857100000) (1024K)]
  0x000002b4a42260a0 ConcurrentGCThread "G1 Main Marker"            [id=19612, stack(0x000000e857100000,0x000000e857200000) (1024K)]
  0x000002b4a4227350 WorkerThread "G1 Conc#0"                       [id=6608, stack(0x000000e857200000,0x000000e857300000) (1024K)]
  0x000002b4c344d150 ConcurrentGCThread "G1 Refine#0"               [id=15684, stack(0x000000e857300000,0x000000e857400000) (1024K)]
  0x000002b4c344dcd0 ConcurrentGCThread "G1 Service"                [id=16932, stack(0x000000e857400000,0x000000e857500000) (1024K)]
Total: 7

Threads with active compile tasks:
Total: 0

VM state: not at safepoint (normal execution)

VM Mutex/Monitor currently owned by a thread: None

Heap address: 0x0000000703800000, size: 4040 MB, Compressed Oops mode: Zero based, Oop shift amount: 3

CDS archive(s) mapped at: [0x000002b4c4000000-0x000002b4c4c60000-0x000002b4c4c60000), size 12976128, SharedBaseAddress: 0x000002b4c4000000, ArchiveRelocationMode: 1.
Compressed class space mapped at: 0x000002b4c5000000-0x000002b505000000, reserved size: 1073741824
Narrow klass base: 0x000002b4c4000000, Narrow klass shift: 0, Narrow klass range: 0x41000000

GC Precious Log:
 CardTable entry size: 512
 Card Set container configuration: InlinePtr #cards 4 size 8 Array Of Cards #cards 16 size 48 Howl #buckets 8 coarsen threshold 3686 Howl Bitmap #cards 512 size 80 coarsen threshold 460 Card regions per heap region 1 cards per card region 4096
 CPUs: 12 total, 12 available
 Memory: 16156M
 Large Page Support: Disabled
 NUMA Support: Disabled
 Compressed Oops: Enabled (Zero based)
 Heap Region Size: 2M
 Heap Min Capacity: 8M
 Heap Initial Capacity: 254M
 Heap Max Capacity: 4040M
 Pre-touch: Disabled
 Parallel Workers: 10
 Concurrent Workers: 3
 Concurrent Refinement Workers: 10
 Periodic GC: Disabled

Heap:
 garbage-first heap   total reserved 4136960K, committed 260096K, used 57344K [0x0000000703800000, 0x0000000800000000)
  region size 2048K, 9 young (18432K), 0 survivors (0K)
 Metaspace       used 9310K, committed 9536K, reserved 1114112K
  class space    used 1022K, committed 1088K, reserved 1048576K

Heap Regions: E=young(eden), S=young(survivor), O=old, HS=humongous(starts), HC=humongous(continues), CS=collection set, F=free, TAMS=top-at-mark-start, PB=parsable bottom
|   0|0x0000000703800000, 0x0000000703a00000, 0x0000000703a00000|100%|HS|  |TAMS 0x0000000703800000| PB 0x0000000703800000| Complete |  0
|   1|0x0000000703a00000, 0x0000000703c00000, 0x0000000703c00000|100%|HS|  |TAMS 0x0000000703a00000| PB 0x0000000703a00000| Complete |  0
|   2|0x0000000703c00000, 0x0000000703e00000, 0x0000000703e00000|100%|HC|  |TAMS 0x0000000703c00000| PB 0x0000000703c00000| Complete |  0
|   3|0x0000000703e00000, 0x0000000704000000, 0x0000000704000000|100%|HC|  |TAMS 0x0000000703e00000| PB 0x0000000703e00000| Complete |  0
|   4|0x0000000704000000, 0x0000000704200000, 0x0000000704200000|100%|HC|  |TAMS 0x0000000704000000| PB 0x0000000704000000| Complete |  0
|   5|0x0000000704200000, 0x0000000704400000, 0x0000000704400000|100%|HS|  |TAMS 0x0000000704200000| PB 0x0000000704200000| Complete |  0
|   6|0x0000000704400000, 0x0000000704600000, 0x0000000704600000|100%|HC|  |TAMS 0x0000000704400000| PB 0x0000000704400000| Complete |  0
|   7|0x0000000704600000, 0x0000000704800000, 0x0000000704800000|100%|HC|  |TAMS 0x0000000704600000| PB 0x0000000704600000| Complete |  0
|   8|0x0000000704800000, 0x0000000704a00000, 0x0000000704a00000|100%|HC|  |TAMS 0x0000000704800000| PB 0x0000000704800000| Complete |  0
|   9|0x0000000704a00000, 0x0000000704c00000, 0x0000000704c00000|100%|HS|  |TAMS 0x0000000704a00000| PB 0x0000000704a00000| Complete |  0
|  10|0x0000000704c00000, 0x0000000704e00000, 0x0000000704e00000|100%|HC|  |TAMS 0x0000000704c00000| PB 0x0000000704c00000| Complete |  0
|  11|0x0000000704e00000, 0x0000000705000000, 0x0000000705000000|100%|HC|  |TAMS 0x0000000704e00000| PB 0x0000000704e00000| Complete |  0
|  12|0x0000000705000000, 0x0000000705200000, 0x0000000705200000|100%|HC|  |TAMS 0x0000000705000000| PB 0x0000000705000000| Complete |  0
|  13|0x0000000705200000, 0x0000000705400000, 0x0000000705400000|100%|HS|  |TAMS 0x0000000705200000| PB 0x0000000705200000| Complete |  0
|  14|0x0000000705400000, 0x0000000705600000, 0x0000000705600000|100%|HC|  |TAMS 0x0000000705400000| PB 0x0000000705400000| Complete |  0
|  15|0x0000000705600000, 0x0000000705800000, 0x0000000705800000|100%|HC|  |TAMS 0x0000000705600000| PB 0x0000000705600000| Complete |  0
|  16|0x0000000705800000, 0x0000000705a00000, 0x0000000705a00000|100%|HC|  |TAMS 0x0000000705800000| PB 0x0000000705800000| Complete |  0
|  17|0x0000000705a00000, 0x0000000705c00000, 0x0000000705c00000|100%|HS|  |TAMS 0x0000000705a00000| PB 0x0000000705a00000| Complete |  0
|  18|0x0000000705c00000, 0x0000000705e00000, 0x0000000705e00000|100%|HC|  |TAMS 0x0000000705c00000| PB 0x0000000705c00000| Complete |  0
|  19|0x0000000705e00000, 0x0000000706000000, 0x0000000706000000|100%|HC|  |TAMS 0x0000000705e00000| PB 0x0000000705e00000| Complete |  0
|  20|0x0000000706000000, 0x0000000706200000, 0x0000000706200000|100%|HC|  |TAMS 0x0000000706000000| PB 0x0000000706000000| Complete |  0
|  21|0x0000000706200000, 0x0000000706200000, 0x0000000706400000|  0%| F|  |TAMS 0x0000000706200000| PB 0x0000000706200000| Untracked |  0
|  22|0x0000000706400000, 0x0000000706400000, 0x0000000706600000|  0%| F|  |TAMS 0x0000000706400000| PB 0x0000000706400000| Untracked |  0
|  23|0x0000000706600000, 0x0000000706600000, 0x0000000706800000|  0%| F|  |TAMS 0x0000000706600000| PB 0x0000000706600000| Untracked |  0
|  24|0x0000000706800000, 0x0000000706800000, 0x0000000706a00000|  0%| F|  |TAMS 0x0000000706800000| PB 0x0000000706800000| Untracked |  0
|  25|0x0000000706a00000, 0x0000000706a00000, 0x0000000706c00000|  0%| F|  |TAMS 0x0000000706a00000| PB 0x0000000706a00000| Untracked |  0
|  26|0x0000000706c00000, 0x0000000706c00000, 0x0000000706e00000|  0%| F|  |TAMS 0x0000000706c00000| PB 0x0000000706c00000| Untracked |  0
|  27|0x0000000706e00000, 0x0000000706e00000, 0x0000000707000000|  0%| F|  |TAMS 0x0000000706e00000| PB 0x0000000706e00000| Untracked |  0
|  28|0x0000000707000000, 0x0000000707000000, 0x0000000707200000|  0%| F|  |TAMS 0x0000000707000000| PB 0x0000000707000000| Untracked |  0
|  29|0x0000000707200000, 0x0000000707200000, 0x0000000707400000|  0%| F|  |TAMS 0x0000000707200000| PB 0x0000000707200000| Untracked |  0
|  30|0x0000000707400000, 0x0000000707400000, 0x0000000707600000|  0%| F|  |TAMS 0x0000000707400000| PB 0x0000000707400000| Untracked |  0
|  31|0x0000000707600000, 0x0000000707600000, 0x0000000707800000|  0%| F|  |TAMS 0x0000000707600000| PB 0x0000000707600000| Untracked |  0
|  32|0x0000000707800000, 0x0000000707800000, 0x0000000707a00000|  0%| F|  |TAMS 0x0000000707800000| PB 0x0000000707800000| Untracked |  0
|  33|0x0000000707a00000, 0x0000000707a00000, 0x0000000707c00000|  0%| F|  |TAMS 0x0000000707a00000| PB 0x0000000707a00000| Untracked |  0
|  34|0x0000000707c00000, 0x0000000707c00000, 0x0000000707e00000|  0%| F|  |TAMS 0x0000000707c00000| PB 0x0000000707c00000| Untracked |  0
|  35|0x0000000707e00000, 0x0000000707e00000, 0x0000000708000000|  0%| F|  |TAMS 0x0000000707e00000| PB 0x0000000707e00000| Untracked |  0
|  36|0x0000000708000000, 0x0000000708000000, 0x0000000708200000|  0%| F|  |TAMS 0x0000000708000000| PB 0x0000000708000000| Untracked |  0
|  37|0x0000000708200000, 0x0000000708200000, 0x0000000708400000|  0%| F|  |TAMS 0x0000000708200000| PB 0x0000000708200000| Untracked |  0
|  38|0x0000000708400000, 0x0000000708400000, 0x0000000708600000|  0%| F|  |TAMS 0x0000000708400000| PB 0x0000000708400000| Untracked |  0
|  39|0x0000000708600000, 0x0000000708600000, 0x0000000708800000|  0%| F|  |TAMS 0x0000000708600000| PB 0x0000000708600000| Untracked |  0
|  40|0x0000000708800000, 0x0000000708800000, 0x0000000708a00000|  0%| F|  |TAMS 0x0000000708800000| PB 0x0000000708800000| Untracked |  0
|  41|0x0000000708a00000, 0x0000000708a00000, 0x0000000708c00000|  0%| F|  |TAMS 0x0000000708a00000| PB 0x0000000708a00000| Untracked |  0
|  42|0x0000000708c00000, 0x0000000708c00000, 0x0000000708e00000|  0%| F|  |TAMS 0x0000000708c00000| PB 0x0000000708c00000| Untracked |  0
|  43|0x0000000708e00000, 0x0000000708e00000, 0x0000000709000000|  0%| F|  |TAMS 0x0000000708e00000| PB 0x0000000708e00000| Untracked |  0
|  44|0x0000000709000000, 0x0000000709000000, 0x0000000709200000|  0%| F|  |TAMS 0x0000000709000000| PB 0x0000000709000000| Untracked |  0
|  45|0x0000000709200000, 0x0000000709200000, 0x0000000709400000|  0%| F|  |TAMS 0x0000000709200000| PB 0x0000000709200000| Untracked |  0
|  46|0x0000000709400000, 0x0000000709400000, 0x0000000709600000|  0%| F|  |TAMS 0x0000000709400000| PB 0x0000000709400000| Untracked |  0
|  47|0x0000000709600000, 0x0000000709600000, 0x0000000709800000|  0%| F|  |TAMS 0x0000000709600000| PB 0x0000000709600000| Untracked |  0
|  48|0x0000000709800000, 0x0000000709800000, 0x0000000709a00000|  0%| F|  |TAMS 0x0000000709800000| PB 0x0000000709800000| Untracked |  0
|  49|0x0000000709a00000, 0x0000000709a00000, 0x0000000709c00000|  0%| F|  |TAMS 0x0000000709a00000| PB 0x0000000709a00000| Untracked |  0
|  50|0x0000000709c00000, 0x0000000709c00000, 0x0000000709e00000|  0%| F|  |TAMS 0x0000000709c00000| PB 0x0000000709c00000| Untracked |  0
|  51|0x0000000709e00000, 0x0000000709e00000, 0x000000070a000000|  0%| F|  |TAMS 0x0000000709e00000| PB 0x0000000709e00000| Untracked |  0
|  52|0x000000070a000000, 0x000000070a000000, 0x000000070a200000|  0%| F|  |TAMS 0x000000070a000000| PB 0x000000070a000000| Untracked |  0
|  53|0x000000070a200000, 0x000000070a200000, 0x000000070a400000|  0%| F|  |TAMS 0x000000070a200000| PB 0x000000070a200000| Untracked |  0
|  54|0x000000070a400000, 0x000000070a400000, 0x000000070a600000|  0%| F|  |TAMS 0x000000070a400000| PB 0x000000070a400000| Untracked |  0
|  55|0x000000070a600000, 0x000000070a600000, 0x000000070a800000|  0%| F|  |TAMS 0x000000070a600000| PB 0x000000070a600000| Untracked |  0
|  56|0x000000070a800000, 0x000000070a800000, 0x000000070aa00000|  0%| F|  |TAMS 0x000000070a800000| PB 0x000000070a800000| Untracked |  0
|  57|0x000000070aa00000, 0x000000070aa00000, 0x000000070ac00000|  0%| F|  |TAMS 0x000000070aa00000| PB 0x000000070aa00000| Untracked |  0
|  58|0x000000070ac00000, 0x000000070ac00000, 0x000000070ae00000|  0%| F|  |TAMS 0x000000070ac00000| PB 0x000000070ac00000| Untracked |  0
|  59|0x000000070ae00000, 0x000000070ae00000, 0x000000070b000000|  0%| F|  |TAMS 0x000000070ae00000| PB 0x000000070ae00000| Untracked |  0
|  60|0x000000070b000000, 0x000000070b000000, 0x000000070b200000|  0%| F|  |TAMS 0x000000070b000000| PB 0x000000070b000000| Untracked |  0
|  61|0x000000070b200000, 0x000000070b200000, 0x000000070b400000|  0%| F|  |TAMS 0x000000070b200000| PB 0x000000070b200000| Untracked |  0
|  62|0x000000070b400000, 0x000000070b400000, 0x000000070b600000|  0%| F|  |TAMS 0x000000070b400000| PB 0x000000070b400000| Untracked |  0
|  63|0x000000070b600000, 0x000000070b600000, 0x000000070b800000|  0%| F|  |TAMS 0x000000070b600000| PB 0x000000070b600000| Untracked |  0
|  64|0x000000070b800000, 0x000000070b800000, 0x000000070ba00000|  0%| F|  |TAMS 0x000000070b800000| PB 0x000000070b800000| Untracked |  0
|  65|0x000000070ba00000, 0x000000070ba00000, 0x000000070bc00000|  0%| F|  |TAMS 0x000000070ba00000| PB 0x000000070ba00000| Untracked |  0
|  66|0x000000070bc00000, 0x000000070bc00000, 0x000000070be00000|  0%| F|  |TAMS 0x000000070bc00000| PB 0x000000070bc00000| Untracked |  0
|  67|0x000000070be00000, 0x000000070be00000, 0x000000070c000000|  0%| F|  |TAMS 0x000000070be00000| PB 0x000000070be00000| Untracked |  0
|  68|0x000000070c000000, 0x000000070c000000, 0x000000070c200000|  0%| F|  |TAMS 0x000000070c000000| PB 0x000000070c000000| Untracked |  0
|  69|0x000000070c200000, 0x000000070c200000, 0x000000070c400000|  0%| F|  |TAMS 0x000000070c200000| PB 0x000000070c200000| Untracked |  0
|  70|0x000000070c400000, 0x000000070c400000, 0x000000070c600000|  0%| F|  |TAMS 0x000000070c400000| PB 0x000000070c400000| Untracked |  0
|  71|0x000000070c600000, 0x000000070c600000, 0x000000070c800000|  0%| F|  |TAMS 0x000000070c600000| PB 0x000000070c600000| Untracked |  0
|  72|0x000000070c800000, 0x000000070c800000, 0x000000070ca00000|  0%| F|  |TAMS 0x000000070c800000| PB 0x000000070c800000| Untracked |  0
|  73|0x000000070ca00000, 0x000000070ca00000, 0x000000070cc00000|  0%| F|  |TAMS 0x000000070ca00000| PB 0x000000070ca00000| Untracked |  0
|  74|0x000000070cc00000, 0x000000070cc00000, 0x000000070ce00000|  0%| F|  |TAMS 0x000000070cc00000| PB 0x000000070cc00000| Untracked |  0
|  75|0x000000070ce00000, 0x000000070ce00000, 0x000000070d000000|  0%| F|  |TAMS 0x000000070ce00000| PB 0x000000070ce00000| Untracked |  0
|  76|0x000000070d000000, 0x000000070d000000, 0x000000070d200000|  0%| F|  |TAMS 0x000000070d000000| PB 0x000000070d000000| Untracked |  0
|  77|0x000000070d200000, 0x000000070d200000, 0x000000070d400000|  0%| F|  |TAMS 0x000000070d200000| PB 0x000000070d200000| Untracked |  0
|  78|0x000000070d400000, 0x000000070d400000, 0x000000070d600000|  0%| F|  |TAMS 0x000000070d400000| PB 0x000000070d400000| Untracked |  0
|  79|0x000000070d600000, 0x000000070d600000, 0x000000070d800000|  0%| F|  |TAMS 0x000000070d600000| PB 0x000000070d600000| Untracked |  0
|  80|0x000000070d800000, 0x000000070d800000, 0x000000070da00000|  0%| F|  |TAMS 0x000000070d800000| PB 0x000000070d800000| Untracked |  0
|  81|0x000000070da00000, 0x000000070da00000, 0x000000070dc00000|  0%| F|  |TAMS 0x000000070da00000| PB 0x000000070da00000| Untracked |  0
|  82|0x000000070dc00000, 0x000000070dc00000, 0x000000070de00000|  0%| F|  |TAMS 0x000000070dc00000| PB 0x000000070dc00000| Untracked |  0
|  83|0x000000070de00000, 0x000000070de00000, 0x000000070e000000|  0%| F|  |TAMS 0x000000070de00000| PB 0x000000070de00000| Untracked |  0
|  84|0x000000070e000000, 0x000000070e000000, 0x000000070e200000|  0%| F|  |TAMS 0x000000070e000000| PB 0x000000070e000000| Untracked |  0
|  85|0x000000070e200000, 0x000000070e200000, 0x000000070e400000|  0%| F|  |TAMS 0x000000070e200000| PB 0x000000070e200000| Untracked |  0
|  86|0x000000070e400000, 0x000000070e400000, 0x000000070e600000|  0%| F|  |TAMS 0x000000070e400000| PB 0x000000070e400000| Untracked |  0
|  87|0x000000070e600000, 0x000000070e600000, 0x000000070e800000|  0%| F|  |TAMS 0x000000070e600000| PB 0x000000070e600000| Untracked |  0
|  88|0x000000070e800000, 0x000000070e800000, 0x000000070ea00000|  0%| F|  |TAMS 0x000000070e800000| PB 0x000000070e800000| Untracked |  0
|  89|0x000000070ea00000, 0x000000070ea00000, 0x000000070ec00000|  0%| F|  |TAMS 0x000000070ea00000| PB 0x000000070ea00000| Untracked |  0
|  90|0x000000070ec00000, 0x000000070ec00000, 0x000000070ee00000|  0%| F|  |TAMS 0x000000070ec00000| PB 0x000000070ec00000| Untracked |  0
|  91|0x000000070ee00000, 0x000000070ee00000, 0x000000070f000000|  0%| F|  |TAMS 0x000000070ee00000| PB 0x000000070ee00000| Untracked |  0
|  92|0x000000070f000000, 0x000000070f000000, 0x000000070f200000|  0%| F|  |TAMS 0x000000070f000000| PB 0x000000070f000000| Untracked |  0
|  93|0x000000070f200000, 0x000000070f200000, 0x000000070f400000|  0%| F|  |TAMS 0x000000070f200000| PB 0x000000070f200000| Untracked |  0
|  94|0x000000070f400000, 0x000000070f400000, 0x000000070f600000|  0%| F|  |TAMS 0x000000070f400000| PB 0x000000070f400000| Untracked |  0
|  95|0x000000070f600000, 0x000000070f600000, 0x000000070f800000|  0%| F|  |TAMS 0x000000070f600000| PB 0x000000070f600000| Untracked |  0
|  96|0x000000070f800000, 0x000000070f800000, 0x000000070fa00000|  0%| F|  |TAMS 0x000000070f800000| PB 0x000000070f800000| Untracked |  0
|  97|0x000000070fa00000, 0x000000070fa00000, 0x000000070fc00000|  0%| F|  |TAMS 0x000000070fa00000| PB 0x000000070fa00000| Untracked |  0
|  98|0x000000070fc00000, 0x000000070fc00000, 0x000000070fe00000|  0%| F|  |TAMS 0x000000070fc00000| PB 0x000000070fc00000| Untracked |  0
|  99|0x000000070fe00000, 0x000000070fe00000, 0x0000000710000000|  0%| F|  |TAMS 0x000000070fe00000| PB 0x000000070fe00000| Untracked |  0
| 100|0x0000000710000000, 0x0000000710000000, 0x0000000710200000|  0%| F|  |TAMS 0x0000000710000000| PB 0x0000000710000000| Untracked |  0
| 101|0x0000000710200000, 0x0000000710200000, 0x0000000710400000|  0%| F|  |TAMS 0x0000000710200000| PB 0x0000000710200000| Untracked |  0
| 102|0x0000000710400000, 0x0000000710400000, 0x0000000710600000|  0%| F|  |TAMS 0x0000000710400000| PB 0x0000000710400000| Untracked |  0
| 103|0x0000000710600000, 0x0000000710600000, 0x0000000710800000|  0%| F|  |TAMS 0x0000000710600000| PB 0x0000000710600000| Untracked |  0
| 104|0x0000000710800000, 0x0000000710800000, 0x0000000710a00000|  0%| F|  |TAMS 0x0000000710800000| PB 0x0000000710800000| Untracked |  0
| 105|0x0000000710a00000, 0x0000000710a00000, 0x0000000710c00000|  0%| F|  |TAMS 0x0000000710a00000| PB 0x0000000710a00000| Untracked |  0
| 106|0x0000000710c00000, 0x0000000710c00000, 0x0000000710e00000|  0%| F|  |TAMS 0x0000000710c00000| PB 0x0000000710c00000| Untracked |  0
| 107|0x0000000710e00000, 0x0000000710e00000, 0x0000000711000000|  0%| F|  |TAMS 0x0000000710e00000| PB 0x0000000710e00000| Untracked |  0
| 108|0x0000000711000000, 0x0000000711000000, 0x0000000711200000|  0%| F|  |TAMS 0x0000000711000000| PB 0x0000000711000000| Untracked |  0
| 109|0x0000000711200000, 0x0000000711200000, 0x0000000711400000|  0%| F|  |TAMS 0x0000000711200000| PB 0x0000000711200000| Untracked |  0
| 110|0x0000000711400000, 0x0000000711400000, 0x0000000711600000|  0%| F|  |TAMS 0x0000000711400000| PB 0x0000000711400000| Untracked |  0
| 111|0x0000000711600000, 0x0000000711600000, 0x0000000711800000|  0%| F|  |TAMS 0x0000000711600000| PB 0x0000000711600000| Untracked |  0
| 112|0x0000000711800000, 0x0000000711800000, 0x0000000711a00000|  0%| F|  |TAMS 0x0000000711800000| PB 0x0000000711800000| Untracked |  0
| 113|0x0000000711a00000, 0x0000000711a00000, 0x0000000711c00000|  0%| F|  |TAMS 0x0000000711a00000| PB 0x0000000711a00000| Untracked |  0
| 114|0x0000000711c00000, 0x0000000711c00000, 0x0000000711e00000|  0%| F|  |TAMS 0x0000000711c00000| PB 0x0000000711c00000| Untracked |  0
| 115|0x0000000711e00000, 0x0000000711e00000, 0x0000000712000000|  0%| F|  |TAMS 0x0000000711e00000| PB 0x0000000711e00000| Untracked |  0
| 116|0x0000000712000000, 0x0000000712000000, 0x0000000712200000|  0%| F|  |TAMS 0x0000000712000000| PB 0x0000000712000000| Untracked |  0
| 117|0x0000000712200000, 0x0000000712200000, 0x0000000712400000|  0%| F|  |TAMS 0x0000000712200000| PB 0x0000000712200000| Untracked |  0
| 118|0x0000000712400000, 0x000000071247ae30, 0x0000000712600000| 24%| E|  |TAMS 0x0000000712400000| PB 0x0000000712400000| Complete |  0
| 119|0x0000000712600000, 0x0000000712800000, 0x0000000712800000|100%| E|CS|TAMS 0x0000000712600000| PB 0x0000000712600000| Complete |  0
| 120|0x0000000712800000, 0x0000000712a00000, 0x0000000712a00000|100%| E|CS|TAMS 0x0000000712800000| PB 0x0000000712800000| Complete |  0
| 121|0x0000000712a00000, 0x0000000712c00000, 0x0000000712c00000|100%| E|CS|TAMS 0x0000000712a00000| PB 0x0000000712a00000| Complete |  0
| 122|0x0000000712c00000, 0x0000000712e00000, 0x0000000712e00000|100%| E|  |TAMS 0x0000000712c00000| PB 0x0000000712c00000| Complete |  0
| 123|0x0000000712e00000, 0x0000000713000000, 0x0000000713000000|100%| E|CS|TAMS 0x0000000712e00000| PB 0x0000000712e00000| Complete |  0
| 124|0x0000000713000000, 0x0000000713200000, 0x0000000713200000|100%| E|CS|TAMS 0x0000000713000000| PB 0x0000000713000000| Complete |  0
| 125|0x0000000713200000, 0x0000000713400000, 0x0000000713400000|100%| E|CS|TAMS 0x0000000713200000| PB 0x0000000713200000| Complete |  0
| 126|0x0000000713400000, 0x0000000713600000, 0x0000000713600000|100%| E|CS|TAMS 0x0000000713400000| PB 0x0000000713400000| Complete |  0

Card table byte_map: [0x000002b4bc250000,0x000002b4bca40000] _byte_map_base: 0x000002b4b8a34000

Marking Bits: (CMBitMap*) 0x000002b4a4215990
 Bits: [0x000002b4bca40000, 0x000002b4c0960000)

Polling page: 0x000002b4a3980000

Metaspace:

Usage:
  Non-class:      8.09 MB used.
      Class:   1022.24 KB used.
       Both:      9.09 MB used.

Virtual space:
  Non-class space:       64.00 MB reserved,       8.25 MB ( 13%) committed,  1 nodes.
      Class space:        1.00 GB reserved,       1.06 MB ( <1%) committed,  1 nodes.
             Both:        1.06 GB reserved,       9.31 MB ( <1%) committed. 

Chunk freelists:
   Non-Class:  6.97 MB
       Class:  14.75 MB
        Both:  21.73 MB

MaxMetaspaceSize: unlimited
CompressedClassSpaceSize: 1.00 GB
Initial GC threshold: 21.00 MB
Current GC threshold: 21.00 MB
CDS: on
 - commit_granule_bytes: 65536.
 - commit_granule_words: 8192.
 - virtual_space_node_default_size: 8388608.
 - enlarge_chunks_in_place: 1.
 - use_allocation_guard: 0.


Internal statistics:

num_allocs_failed_limit: 0.
num_arena_births: 174.
num_arena_deaths: 0.
num_vsnodes_births: 2.
num_vsnodes_deaths: 0.
num_space_committed: 149.
num_space_uncommitted: 0.
num_chunks_returned_to_freelist: 0.
num_chunks_taken_from_freelist: 223.
num_chunk_merges: 0.
num_chunk_splits: 138.
num_chunks_enlarged: 63.
num_inconsistent_stats: 0.

CodeHeap 'non-profiled nmethods': size=120000Kb used=513Kb max_used=513Kb free=119486Kb
 bounds [0x000002b4b3fd0000, 0x000002b4b4240000, 0x000002b4bb500000]
CodeHeap 'profiled nmethods': size=120000Kb used=2861Kb max_used=2861Kb free=117138Kb
 bounds [0x000002b4ac500000, 0x000002b4ac7d0000, 0x000002b4b3a30000]
CodeHeap 'non-nmethods': size=5760Kb used=1574Kb max_used=1610Kb free=4185Kb
 bounds [0x000002b4b3a30000, 0x000002b4b3ca0000, 0x000002b4b3fd0000]
 total_blobs=2170 nmethods=1534 adapters=541
 compilation: enabled
              stopped_count=0, restarted_count=0
 full_count=0

Compilation events (20 events):
Event: 246448.194 Thread 0x000002b4c35cdb80 1526       3       java.util.ArrayList::grow (60 bytes)
Event: 246448.195 Thread 0x000002b4c35cdb80 nmethod 1526 0x000002b4ac7c7f10 code [0x000002b4ac7c8100, 0x000002b4ac7c8730]
Event: 246448.632 Thread 0x000002b4c35cdb80 1527       3       sun.java2d.pipe.Region::getIntersectionXYXY (108 bytes)
Event: 246448.632 Thread 0x000002b4c35cdb80 nmethod 1527 0x000002b4ac7c8910 code [0x000002b4ac7c8b60, 0x000002b4ac7c9380]
Event: 246448.632 Thread 0x000002b4c35cdb80 1528       3       sun.java2d.pipe.Region::isInsideXYXY (39 bytes)
Event: 246448.632 Thread 0x000002b4c35cdb80 nmethod 1528 0x000002b4ac7c9610 code [0x000002b4ac7c97a0, 0x000002b4ac7c9998]
Event: 246448.632 Thread 0x000002b4c35cdb80 1529       3       java.awt.Rectangle::translate (197 bytes)
Event: 246448.632 Thread 0x000002b4c35cdb80 nmethod 1529 0x000002b4ac7c9a10 code [0x000002b4ac7c9bc0, 0x000002b4ac7c9f98]
Event: 246448.632 Thread 0x000002b4c35cdb80 1530       3       java.beans.PropertyChangeSupport::firePropertyChange (81 bytes)
Event: 246448.633 Thread 0x000002b4c35cdb80 nmethod 1530 0x000002b4ac7ca010 code [0x000002b4ac7ca260, 0x000002b4ac7caef8]
Event: 246448.714 Thread 0x000002b4c35ca660 1531       4       java.awt.Component::getParent (5 bytes)
Event: 246448.714 Thread 0x000002b4c35ca660 nmethod 1531 0x000002b4b4047410 code [0x000002b4b4047580, 0x000002b4b4047610]
Event: 246448.981 Thread 0x000002b4c35ca660 1532       4       java.security.AccessController::getContext (23 bytes)
Event: 246448.984 Thread 0x000002b4c35ca660 nmethod 1532 0x000002b4b4047710 code [0x000002b4b4047900, 0x000002b4b4047cd0]
Event: 246449.413 Thread 0x000002b4c35cdb80 1533       3       javax.swing.plaf.basic.BasicMenuUI$Handler::mouseMoved (1 bytes)
Event: 246449.414 Thread 0x000002b4c35cdb80 nmethod 1533 0x000002b4ac7cb290 code [0x000002b4ac7cb420, 0x000002b4ac7cb528]
Event: 246481.583 Thread 0x000002b4c35ca660 1534   !   4       sun.awt.PostEventQueue::flush (168 bytes)
Event: 246481.637 Thread 0x000002b4c35ca660 nmethod 1534 0x000002b4b4048110 code [0x000002b4b4048720, 0x000002b4b404de78]
Event: 246481.641 Thread 0x000002b4c35ca660 1535       4       java.awt.EventQueue::eventToCacheIndex (80 bytes)
Event: 246481.642 Thread 0x000002b4c35ca660 nmethod 1535 0x000002b4b4050310 code [0x000002b4b40504a0, 0x000002b4b40505c8]

GC Heap History (0 events):
No events

Dll operation events (14 events):
Event: 0.006 Loaded shared library C:\Users\lucas\.jdks\openjdk-22.0.2\bin\java.dll
Event: 0.025 Loaded shared library C:\Users\lucas\.jdks\openjdk-22.0.2\bin\jsvml.dll
Event: 0.046 Loaded shared library C:\Users\lucas\.jdks\openjdk-22.0.2\bin\zip.dll
Event: 0.048 Loaded shared library C:\Users\lucas\.jdks\openjdk-22.0.2\bin\instrument.dll
Event: 0.051 Loaded shared library C:\Users\lucas\.jdks\openjdk-22.0.2\bin\net.dll
Event: 0.052 Loaded shared library C:\Users\lucas\.jdks\openjdk-22.0.2\bin\nio.dll
Event: 0.055 Loaded shared library C:\Users\lucas\.jdks\openjdk-22.0.2\bin\zip.dll
Event: 0.061 Loaded shared library C:\Program Files\JetBrains\IntelliJ IDEA 2024.2\bin\breakgen64.dll
Event: 0.066 Loaded shared library C:\Users\lucas\.jdks\openjdk-22.0.2\bin\extnet.dll
Event: 0.068 Loaded shared library C:\Users\lucas\.jdks\openjdk-22.0.2\bin\jimage.dll
Event: 0.076 Loaded shared library C:\Users\lucas\.jdks\openjdk-22.0.2\bin\awt.dll
Event: 0.254 Loaded shared library C:\Users\lucas\.jdks\openjdk-22.0.2\bin\javajpeg.dll
Event: 0.274 Loaded shared library C:\Users\lucas\.jdks\openjdk-22.0.2\bin\freetype.dll
Event: 0.274 Loaded shared library C:\Users\lucas\.jdks\openjdk-22.0.2\bin\fontmanager.dll

Deoptimization events (20 events):
Event: 1.327 Thread 0x000002b4c3a5b570 Uncommon trap: trap_request=0xffffffde fr.pc=0x000002b4b3fe62d0 relative=0x00000000000001b0
Event: 1.327 Thread 0x000002b4c3a5b570 Uncommon trap: reason=class_check action=maybe_recompile pc=0x000002b4b3fe62d0 method=java.lang.String.equals(Ljava/lang/Object;)Z @ 8 c2
Event: 1.327 Thread 0x000002b4c3a5b570 DEOPT PACKING pc=0x000002b4b3fe62d0 sp=0x000000e8585fe070
Event: 1.327 Thread 0x000002b4c3a5b570 DEOPT UNPACKING pc=0x000002b4b3a846a2 sp=0x000000e8585fe008 mode 2
Event: 1.327 Thread 0x000002b4c3a5b570 Uncommon trap: trap_request=0xffffffde fr.pc=0x000002b4b3fe62d0 relative=0x00000000000001b0
Event: 1.327 Thread 0x000002b4c3a5b570 Uncommon trap: reason=class_check action=maybe_recompile pc=0x000002b4b3fe62d0 method=java.lang.String.equals(Ljava/lang/Object;)Z @ 8 c2
Event: 1.327 Thread 0x000002b4c3a5b570 DEOPT PACKING pc=0x000002b4b3fe62d0 sp=0x000000e8585fe070
Event: 1.327 Thread 0x000002b4c3a5b570 DEOPT UNPACKING pc=0x000002b4b3a846a2 sp=0x000000e8585fe008 mode 2
Event: 1.327 Thread 0x000002b4c3a5b570 Uncommon trap: trap_request=0xffffffde fr.pc=0x000002b4b3fe62d0 relative=0x00000000000001b0
Event: 1.327 Thread 0x000002b4c3a5b570 Uncommon trap: reason=class_check action=maybe_recompile pc=0x000002b4b3fe62d0 method=java.lang.String.equals(Ljava/lang/Object;)Z @ 8 c2
Event: 1.327 Thread 0x000002b4c3a5b570 DEOPT PACKING pc=0x000002b4b3fe62d0 sp=0x000000e8585fe070
Event: 1.327 Thread 0x000002b4c3a5b570 DEOPT UNPACKING pc=0x000002b4b3a846a2 sp=0x000000e8585fe008 mode 2
Event: 2.870 Thread 0x000002b4c3a5b570 Uncommon trap: trap_request=0xffffffde fr.pc=0x000002b4b3fe62d0 relative=0x00000000000001b0
Event: 2.870 Thread 0x000002b4c3a5b570 Uncommon trap: reason=class_check action=maybe_recompile pc=0x000002b4b3fe62d0 method=java.lang.String.equals(Ljava/lang/Object;)Z @ 8 c2
Event: 2.870 Thread 0x000002b4c3a5b570 DEOPT PACKING pc=0x000002b4b3fe62d0 sp=0x000000e8585fe1c0
Event: 2.870 Thread 0x000002b4c3a5b570 DEOPT UNPACKING pc=0x000002b4b3a846a2 sp=0x000000e8585fe158 mode 2
Event: 18.133 Thread 0x000002b4c3a5b570 Uncommon trap: trap_request=0xffffff45 fr.pc=0x000002b4b4027c40 relative=0x00000000000000a0
Event: 18.133 Thread 0x000002b4c3a5b570 Uncommon trap: reason=unstable_if action=reinterpret pc=0x000002b4b4027c40 method=java.awt.Component.inside(II)Z @ 1 c2
Event: 18.133 Thread 0x000002b4c3a5b570 DEOPT PACKING pc=0x000002b4b4027c40 sp=0x000000e8585fea40
Event: 18.133 Thread 0x000002b4c3a5b570 DEOPT UNPACKING pc=0x000002b4b3a846a2 sp=0x000000e8585fe8d0 mode 2

Classes loaded (20 events):
Event: 20.244 Loading class javax/swing/plaf/basic/BasicInternalFrameTitlePane$Handler
Event: 20.244 Loading class javax/swing/plaf/basic/BasicInternalFrameTitlePane$Handler done
Event: 20.244 Loading class javax/swing/JInternalFrame$FocusPropertyChangeListener
Event: 20.244 Loading class javax/swing/JInternalFrame$FocusPropertyChangeListener done
Event: 20.244 Loading class javax/swing/border/TitledBorder
Event: 20.244 Loading class javax/swing/border/TitledBorder done
Event: 20.244 Loading class javax/swing/event/SwingPropertyChangeSupport
Event: 20.245 Loading class javax/swing/event/SwingPropertyChangeSupport done
Event: 20.245 Loading class javax/swing/plaf/BorderUIResource$LineBorderUIResource
Event: 20.245 Loading class javax/swing/plaf/BorderUIResource$LineBorderUIResource done
Event: 1217.216 Loading class java/awt/desktop/SystemSleepListener
Event: 1217.217 Loading class java/awt/desktop/SystemEventListener
Event: 1217.217 Loading class java/awt/desktop/SystemEventListener done
Event: 1217.217 Loading class java/awt/desktop/SystemSleepListener done
Event: 113765.601 Loading class java/util/WeakHashMap$KeyIterator
Event: 113765.601 Loading class java/util/WeakHashMap$HashIterator
Event: 113765.602 Loading class java/util/WeakHashMap$HashIterator done
Event: 113765.602 Loading class java/util/WeakHashMap$KeyIterator done
Event: 113765.602 Loading class javax/swing/RepaintManager$DisplayChangedRunnable
Event: 113765.602 Loading class javax/swing/RepaintManager$DisplayChangedRunnable done

Classes unloaded (0 events):
No events

Classes redefined (0 events):
No events

Internal exceptions (17 events):
Event: 0.057 Thread 0x000002b4a41add40 Exception <a 'java/lang/NoSuchMethodError'{0x0000000713347690}: 'void java.lang.invoke.DirectMethodHandle$Holder.invokeStatic(java.lang.Object, java.lang.Object, java.lang.Object)'> (0x0000000713347690) 
thrown [s\open\src\hotspot\share\interpreter\linkResolver.cpp, line 774]
Event: 0.059 Thread 0x000002b4a41add40 Exception <a 'java/lang/NoSuchMethodError'{0x000000071335f128}: 'java.lang.Object java.lang.invoke.Invokers$Holder.invokeExact_MT(java.lang.Object, java.lang.Object, java.lang.Object, java.lang.Object, java.lang.Object)'> (0x000000071335f128) 
thrown [s\open\src\hotspot\share\interpreter\linkResolver.cpp, line 774]
Event: 0.067 Thread 0x000002b4c3944d70 Exception <a 'java/lang/NoSuchMethodError'{0x0000000713379a30}: 'void java.lang.invoke.DirectMethodHandle$Holder.invokeStatic(java.lang.Object, java.lang.Object)'> (0x0000000713379a30) 
thrown [s\open\src\hotspot\share\interpreter\linkResolver.cpp, line 774]
Event: 0.071 Thread 0x000002b4a41add40 Exception <a 'java/lang/ClassNotFoundException'{0x00000007133fc1e0}: sun/awt/resources/spi/awtProvider> (0x00000007133fc1e0) 
thrown [s\open\src\hotspot\share\classfile\systemDictionary.cpp, line 313]
Event: 0.082 Thread 0x000002b4a41add40 Exception <a 'java/io/FileNotFoundException'{0x000000071304d520}> (0x000000071304d520) 
thrown [s\open\src\hotspot\share\prims\jni.cpp, line 520]
Event: 0.086 Thread 0x000002b4a41add40 Exception <a 'java/io/FileNotFoundException'{0x000000071307bf08}> (0x000000071307bf08) 
thrown [s\open\src\hotspot\share\prims\jni.cpp, line 520]
Event: 0.199 Thread 0x000002b4c3a5b570 Exception <a 'java/lang/NoSuchMethodError'{0x0000000712e9b3e0}: 'void java.lang.invoke.DirectMethodHandle$Holder.invokeSpecial(java.lang.Object, java.lang.Object, java.lang.Object)'> (0x0000000712e9b3e0) 
thrown [s\open\src\hotspot\share\interpreter\linkResolver.cpp, line 774]
Event: 0.203 Thread 0x000002b4c3a5b570 Exception <a 'java/lang/NoSuchMethodError'{0x0000000712ec13e8}: 'java.lang.Object java.lang.invoke.DirectMethodHandle$Holder.newInvokeSpecial(java.lang.Object, java.lang.Object, java.lang.Object, java.lang.Object, java.lang.Object)'> (0x0000000712ec13e8) 
thrown [s\open\src\hotspot\share\interpreter\linkResolver.cpp, line 774]
Event: 0.206 Thread 0x000002b4c3a5b570 Exception <a 'java/lang/NoSuchMethodError'{0x0000000712eedb00}: 'java.lang.Object java.lang.invoke.DirectMethodHandle$Holder.invokeStatic(java.lang.Object, int, java.lang.Object)'> (0x0000000712eedb00) 
thrown [s\open\src\hotspot\share\interpreter\linkResolver.cpp, line 774]
Event: 0.217 Thread 0x000002b4c3a5b570 Exception <a 'java/lang/ClassNotFoundException'{0x0000000712f8fe70}: com/sun/swing/internal/plaf/metal/resources/spi/metalProvider> (0x0000000712f8fe70) 
thrown [s\open\src\hotspot\share\classfile\systemDictionary.cpp, line 313]
Event: 0.218 Thread 0x000002b4c3a5b570 Exception <a 'java/lang/ClassNotFoundException'{0x0000000712f93e20}: com/sun/swing/internal/plaf/basic/resources/spi/basicProvider> (0x0000000712f93e20) 
thrown [s\open\src\hotspot\share\classfile\systemDictionary.cpp, line 313]
Event: 0.223 Thread 0x000002b4c3a5b570 Exception <a 'java/lang/NoSuchMethodError'{0x0000000712fb0388}: 'int java.lang.invoke.Invokers$Holder.invokeExact_MT(java.lang.Object, java.lang.Object)'> (0x0000000712fb0388) 
thrown [s\open\src\hotspot\share\interpreter\linkResolver.cpp, line 774]
Event: 0.255 Thread 0x000002b4c3a85200 Exception <a 'java/lang/NoSuchMethodError'{0x0000000712d9dfb8}: 'java.lang.Object java.lang.invoke.DirectMethodHandle$Holder.newInvokeSpecial(java.lang.Object, java.lang.Object, java.lang.Object, int, int, int, int, int)'> (0x0000000712d9dfb8) 
thrown [s\open\src\hotspot\share\interpreter\linkResolver.cpp, line 774]
Event: 0.264 Thread 0x000002b4c3a50830 Exception <a 'java/lang/NoSuchMethodError'{0x000000071317f7e0}: 'void java.lang.invoke.DirectMethodHandle$Holder.invokeVirtual(java.lang.Object, java.lang.Object)'> (0x000000071317f7e0) 
thrown [s\open\src\hotspot\share\interpreter\linkResolver.cpp, line 774]
Event: 0.272 Thread 0x000002b4c3a5b570 Exception <a 'java/lang/NoSuchMethodError'{0x0000000712df6638}: 'void java.lang.invoke.DirectMethodHandle$Holder.invokeStaticInit(java.lang.Object)'> (0x0000000712df6638) 
thrown [s\open\src\hotspot\share\interpreter\linkResolver.cpp, line 774]
Event: 1.043 Thread 0x000002b4c35baef0 Exception <a 'java/lang/NoSuchMethodError'{0x000000071293d2c0}: 'java.lang.Object java.lang.invoke.Invokers$Holder.invokeExact_MT(java.lang.Object, java.lang.Object, java.lang.Object, java.lang.Object, java.lang.Object, java.lang.Object)'> (0x000000071293d2c0) 
thrown [s\open\src\hotspot\share\interpreter\linkResolver.cpp, line 774]
Event: 18.846 Thread 0x000002b4c3a5b570 Exception <a 'java/lang/NullPointerException'{0x00000007129c8c78}> (0x00000007129c8c78) 
thrown [s\open\src\hotspot\share\interpreter\linkResolver.cpp, line 1374]

ZGC Phase Switch (0 events):
No events

VM Operations (20 events):
Event: 150676.772 Executing VM operation: Cleanup
Event: 150676.772 Executing VM operation: Cleanup done
Event: 151882.859 Executing VM operation: Cleanup
Event: 151882.859 Executing VM operation: Cleanup done
Event: 151927.916 Executing VM operation: HandshakeAllThreads (HandshakeForDeflation)
Event: 151927.916 Executing VM operation: HandshakeAllThreads (HandshakeForDeflation) done
Event: 151927.916 Executing VM operation: RendezvousGCThreads
Event: 151927.916 Executing VM operation: RendezvousGCThreads done
Event: 242643.575 Executing VM operation: Cleanup
Event: 242643.575 Executing VM operation: Cleanup done
Event: 246445.385 Executing VM operation: Cleanup
Event: 246445.385 Executing VM operation: Cleanup done
Event: 246447.397 Executing VM operation: Cleanup
Event: 246447.398 Executing VM operation: Cleanup done
Event: 246448.407 Executing VM operation: Cleanup
Event: 246448.407 Executing VM operation: Cleanup done
Event: 246449.411 Executing VM operation: Cleanup
Event: 246449.411 Executing VM operation: Cleanup done
Event: 246482.690 Executing VM operation: Cleanup
Event: 246482.690 Executing VM operation: Cleanup done

Memory protections (0 events):
No events

Nmethod flushes (0 events):
No events

Events (20 events):
Event: 0.023 Thread 0x000002b4a41add40 Thread added: 0x000002b4c35baef0
Event: 0.023 Thread 0x000002b4a41add40 Thread added: 0x000002b4c35bb950
Event: 0.023 Thread 0x000002b4a41add40 Thread added: 0x000002b4c35bc3b0
Event: 0.023 Thread 0x000002b4a41add40 Thread added: 0x000002b4c35ca660
Event: 0.024 Thread 0x000002b4a41add40 Thread added: 0x000002b4c35cdb80
Event: 0.037 Thread 0x000002b4a41add40 Thread added: 0x000002b4c37cd0b0
Event: 0.061 Thread 0x000002b4a41add40 Thread added: 0x000002b4c3944d70
Event: 0.061 Thread 0x000002b4a41add40 Thread added: 0x000002b4c39453e0
Event: 0.117 Thread 0x000002b4a41add40 Thread added: 0x000002b4c3a46880
Event: 0.118 Thread 0x000002b4a41add40 Thread added: 0x000002b4c3a4fa70
Event: 0.120 Thread 0x000002b4a41add40 Thread added: 0x000002b4c3a50830
Event: 0.125 Thread 0x000002b4a41add40 Thread added: 0x000002b4c3a5b570
Event: 0.125 Thread 0x000002b4a41add40 Thread exited: 0x000002b4a41add40
Event: 0.125 Thread 0x000002b4a41add40 Thread added: 0x000002b4a41add40
Event: 0.229 Thread 0x000002b4c3a5b570 Thread added: 0x000002b4c3a85200
Event: 0.396 Thread 0x000002b4c35ca660 Thread added: 0x000002b4c35cc040
Event: 0.502 Thread 0x000002b4c35cc040 Thread exited: 0x000002b4c35cc040
Event: 5.353 Thread 0x000002b4c3a85200 Thread exited: 0x000002b4c3a85200
Event: 20.237 Thread 0x000002b4c3a5b570 Thread added: 0x000002b50a599790
Event: 25.254 Thread 0x000002b50a599790 Thread exited: 0x000002b50a599790


Dynamic libraries:
0x00007ff7655c0000 - 0x00007ff7655ce000 	C:\Users\lucas\.jdks\openjdk-22.0.2\bin\java.exe
0x00007ff93e790000 - 0x00007ff93e988000 	C:\Windows\SYSTEM32\ntdll.dll
0x00007ff93d3e0000 - 0x00007ff93d4a1000 	C:\Windows\System32\KERNEL32.DLL
0x00007ff93be10000 - 0x00007ff93c10d000 	C:\Windows\System32\KERNELBASE.dll
0x00007ff93c660000 - 0x00007ff93c760000 	C:\Windows\System32\ucrtbase.dll
0x00007ff938330000 - 0x00007ff938347000 	C:\Users\lucas\.jdks\openjdk-22.0.2\bin\jli.dll
0x00007ff935380000 - 0x00007ff93539b000 	C:\Users\lucas\.jdks\openjdk-22.0.2\bin\VCRUNTIME140.dll
0x00007ff93cb70000 - 0x00007ff93cd0d000 	C:\Windows\System32\USER32.dll
0x00007ff93c760000 - 0x00007ff93c782000 	C:\Windows\System32\win32u.dll
0x00007ff92c220000 - 0x00007ff92c4ba000 	C:\Windows\WinSxS\amd64_microsoft.windows.common-controls_6595b64144ccf1df_6.0.19041.4355_none_60b8b9eb71f62e16\COMCTL32.dll
0x00007ff93e3e0000 - 0x00007ff93e40b000 	C:\Windows\System32\GDI32.dll
0x00007ff93c9f0000 - 0x00007ff93ca8e000 	C:\Windows\System32\msvcrt.dll
0x00007ff93c540000 - 0x00007ff93c657000 	C:\Windows\System32\gdi32full.dll
0x00007ff93c4a0000 - 0x00007ff93c53d000 	C:\Windows\System32\msvcp_win.dll
0x00007ff93d4b0000 - 0x00007ff93d4df000 	C:\Windows\System32\IMM32.DLL
0x00007ff939490000 - 0x00007ff93949c000 	C:\Users\lucas\.jdks\openjdk-22.0.2\bin\vcruntime140_1.dll
0x00007ff92d050000 - 0x00007ff92d0de000 	C:\Users\lucas\.jdks\openjdk-22.0.2\bin\msvcp140.dll
0x00007ff9088e0000 - 0x00007ff909629000 	C:\Users\lucas\.jdks\openjdk-22.0.2\bin\server\jvm.dll
0x00007ff93e470000 - 0x00007ff93e520000 	C:\Windows\System32\ADVAPI32.dll
0x00007ff93cea0000 - 0x00007ff93cf40000 	C:\Windows\System32\sechost.dll
0x00007ff93e5f0000 - 0x00007ff93e713000 	C:\Windows\System32\RPCRT4.dll
0x00007ff93c2c0000 - 0x00007ff93c2e7000 	C:\Windows\System32\bcrypt.dll
0x00007ff93d540000 - 0x00007ff93d5ab000 	C:\Windows\System32\WS2_32.dll
0x00007ff93b390000 - 0x00007ff93b3db000 	C:\Windows\SYSTEM32\POWRPROF.dll
0x00007ff937710000 - 0x00007ff937737000 	C:\Windows\SYSTEM32\WINMM.dll
0x00007ff938ed0000 - 0x00007ff938eda000 	C:\Windows\SYSTEM32\VERSION.dll
0x00007ff93b200000 - 0x00007ff93b212000 	C:\Windows\SYSTEM32\UMPDC.dll
0x00007ff939cb0000 - 0x00007ff939cc2000 	C:\Windows\SYSTEM32\kernel.appcore.dll
0x00007ff935e40000 - 0x00007ff935e4a000 	C:\Users\lucas\.jdks\openjdk-22.0.2\bin\jimage.dll
0x00007ff9365d0000 - 0x00007ff9367b4000 	C:\Windows\SYSTEM32\DBGHELP.DLL
0x00007ff936010000 - 0x00007ff936044000 	C:\Windows\SYSTEM32\dbgcore.DLL
0x00007ff93c360000 - 0x00007ff93c3e2000 	C:\Windows\System32\bcryptPrimitives.dll
0x00007ff9354b0000 - 0x00007ff9354bf000 	C:\Users\lucas\.jdks\openjdk-22.0.2\bin\instrument.dll
0x00007ff935340000 - 0x00007ff93535e000 	C:\Users\lucas\.jdks\openjdk-22.0.2\bin\java.dll
0x00007ff93d5c0000 - 0x00007ff93dd2f000 	C:\Windows\System32\SHELL32.dll
0x00007ff93cd70000 - 0x00007ff93ce9b000 	C:\Windows\System32\ole32.dll
0x00007ff93e080000 - 0x00007ff93e3d3000 	C:\Windows\System32\combase.dll
0x00007ff939eb0000 - 0x00007ff93a64f000 	C:\Windows\SYSTEM32\windows.storage.dll
0x00007ff93b830000 - 0x00007ff93b85e000 	C:\Windows\SYSTEM32\Wldp.dll
0x00007ff93e520000 - 0x00007ff93e5ed000 	C:\Windows\System32\OLEAUT32.dll
0x00007ff93c940000 - 0x00007ff93c9ed000 	C:\Windows\System32\SHCORE.dll
0x00007ff93e410000 - 0x00007ff93e465000 	C:\Windows\System32\shlwapi.dll
0x00007ff93bd40000 - 0x00007ff93bd64000 	C:\Windows\SYSTEM32\profapi.dll
0x00007ff913630000 - 0x00007ff913707000 	C:\Users\lucas\.jdks\openjdk-22.0.2\bin\jsvml.dll
0x00007ff934950000 - 0x00007ff934967000 	C:\Users\lucas\.jdks\openjdk-22.0.2\bin\zip.dll
0x00007ff934990000 - 0x00007ff9349a0000 	C:\Users\lucas\.jdks\openjdk-22.0.2\bin\net.dll
0x00007ff93b590000 - 0x00007ff93b5fa000 	C:\Windows\system32\mswsock.dll
0x00007ff934970000 - 0x00007ff934986000 	C:\Users\lucas\.jdks\openjdk-22.0.2\bin\nio.dll
0x00007ff92d1d0000 - 0x00007ff92d1ea000 	C:\Program Files\JetBrains\IntelliJ IDEA 2024.2\bin\breakgen64.dll
0x00007ff934940000 - 0x00007ff934949000 	C:\Users\lucas\.jdks\openjdk-22.0.2\bin\extnet.dll
0x00007ff90c690000 - 0x00007ff90c81d000 	C:\Users\lucas\.jdks\openjdk-22.0.2\bin\awt.dll
0x00007ff9390b0000 - 0x00007ff939144000 	C:\Windows\SYSTEM32\apphelp.dll
0x00007ff939770000 - 0x00007ff93980e000 	C:\Windows\system32\uxtheme.dll
0x00007ff93de70000 - 0x00007ff93df84000 	C:\Windows\System32\MSCTF.dll
0x00007ff9399b0000 - 0x00007ff9399df000 	C:\Windows\system32\DWMAPI.DLL
0x00007ff8ef690000 - 0x00007ff8ef7b8000 	C:\Windows\system32\opengl32.dll
0x00007ff9189c0000 - 0x00007ff9189ec000 	C:\Windows\SYSTEM32\GLU32.dll
0x00007ff923dc0000 - 0x00007ff923dfb000 	C:\Windows\SYSTEM32\dxcore.dll
0x00007ff93c270000 - 0x00007ff93c2be000 	C:\Windows\System32\cfgmgr32.dll
0x00007ff92d190000 - 0x00007ff92d1be000 	C:\Users\lucas\.jdks\openjdk-22.0.2\bin\javajpeg.dll
0x00007ff918b50000 - 0x00007ff918bd7000 	C:\Users\lucas\.jdks\openjdk-22.0.2\bin\freetype.dll
0x00007ff913180000 - 0x00007ff913257000 	C:\Users\lucas\.jdks\openjdk-22.0.2\bin\fontmanager.dll
0x00007ff926980000 - 0x00007ff926a79000 	C:\Windows\SYSTEM32\textinputframework.dll
0x00007ff9386e0000 - 0x00007ff938a3b000 	C:\Windows\System32\CoreUIComponents.dll
0x00007ff938b40000 - 0x00007ff938c32000 	C:\Windows\System32\CoreMessaging.dll
0x00007ff93af60000 - 0x00007ff93af93000 	C:\Windows\SYSTEM32\ntmarta.dll
0x00007ff937510000 - 0x00007ff937667000 	C:\Windows\SYSTEM32\wintypes.dll
0x00007ff92a3b0000 - 0x00007ff92a416000 	C:\Windows\system32\Oleacc.dll

dbghelp: loaded successfully - version: 4.0.5 - missing functions: none
symbol engine: initialized successfully - sym options: 0x614 - pdb path: .;C:\Users\lucas\.jdks\openjdk-22.0.2\bin;C:\Windows\SYSTEM32;C:\Windows\WinSxS\amd64_microsoft.windows.common-controls_6595b64144ccf1df_6.0.19041.4355_none_60b8b9eb71f62e16;C:\Users\lucas\.jdks\openjdk-22.0.2\bin\server;C:\Program Files\JetBrains\IntelliJ IDEA 2024.2\bin

VM Arguments:
jvm_args: -javaagent:C:\Program Files\JetBrains\IntelliJ IDEA 2024.2\lib\idea_rt.jar=50259:C:\Program Files\JetBrains\IntelliJ IDEA 2024.2\bin -Dfile.encoding=UTF-8 -Dsun.stdout.encoding=UTF-8 -Dsun.stderr.encoding=UTF-8 
java_command: InterfazGrafica.MenuPrincipal
java_class_path (initial): C:\Users\lucas\Desktop\DAM\DAM Proyecto Agenda\Agenda\out\production\Agenda;C:\Users\lucas\Desktop\DAM\DAM Proyecto Agenda\Agenda\lib\mysql-connector-j-8.3.0.jar
Launcher Type: SUN_STANDARD

[Global flags]
     intx CICompilerCount                          = 4                                         {product} {ergonomic}
     uint ConcGCThreads                            = 3                                         {product} {ergonomic}
     uint G1ConcRefinementThreads                  = 10                                        {product} {ergonomic}
   size_t G1HeapRegionSize                         = 2097152                                   {product} {ergonomic}
   size_t InitialHeapSize                          = 266338304                                 {product} {ergonomic}
   size_t MarkStackSize                            = 4194304                                   {product} {ergonomic}
   size_t MaxHeapSize                              = 4236247040                                {product} {ergonomic}
   size_t MaxNewSize                               = 2541748224                                {product} {ergonomic}
   size_t MinHeapDeltaBytes                        = 2097152                                   {product} {ergonomic}
   size_t MinHeapSize                              = 8388608                                   {product} {ergonomic}
    uintx NonNMethodCodeHeapSize                   = 5839372                                {pd product} {ergonomic}
    uintx NonProfiledCodeHeapSize                  = 122909434                              {pd product} {ergonomic}
    uintx ProfiledCodeHeapSize                     = 122909434                              {pd product} {ergonomic}
    uintx ReservedCodeCacheSize                    = 251658240                              {pd product} {ergonomic}
     bool SegmentedCodeCache                       = true                                      {product} {ergonomic}
   size_t SoftMaxHeapSize                          = 4236247040                             {manageable} {ergonomic}
     bool UseCompressedOops                        = true                           {product lp64_product} {ergonomic}
     bool UseG1GC                                  = true                                      {product} {ergonomic}
     bool UseLargePagesIndividualAllocation        = false                                  {pd product} {ergonomic}

Logging:
Log output configuration:
 #0: stdout all=warning uptime,level,tags foldmultilines=false
 #1: stderr all=off uptime,level,tags foldmultilines=false

Environment Variables:
PATH=C:\Program Files (x86)\Common Files\Oracle\Java\java8path;C:\Program Files (x86)\Common Files\Oracle\Java\javapath;C:\Windows\system32;C:\Windows;C:\Windows\System32\Wbem;C:\Windows\System32\WindowsPowerShell\v1.0\;C:\Windows\System32\OpenSSH\;C:\Program Files\gs\gs10.00.0\bin;C:\Program Files (x86)\dotnet\;C:\Program Files\dotnet\;C:\Program Files\AutoFirma\AutoFirma;C:\Users\lucas\AppData\Local\Microsoft\WindowsApps;C:\Users\lucas\AppData\Local\Programs\Git\cmd
USERNAME=lucas
OS=Windows_NT
PROCESSOR_IDENTIFIER=Intel64 Family 6 Model 151 Stepping 2, GenuineIntel
TMP=C:\Users\lucas\AppData\Local\Temp
TEMP=C:\Users\lucas\AppData\Local\Temp




Periodic native trim disabled

---------------  S Y S T E M  ---------------

OS:
 Windows 10 , 64 bit Build 19041 (10.0.19041.4717)
OS uptime: 8 days 7:54 hours

CPU: total 12 (initial active 12) (6 cores per cpu, 2 threads per core) family 6 model 151 stepping 2 microcode 0x28, cx8, cmov, fxsr, ht, mmx, 3dnowpref, sse, sse2, sse3, ssse3, sse4.1, sse4.2, popcnt, lzcnt, tsc, tscinvbit, avx, avx2, aes, erms, clmul, bmi1, bmi2, adx, sha, fma, vzeroupper, clflush, clflushopt, clwb, serialize, rdtscp, rdpid, fsrm, f16c, pku, cet_ibt, cet_ss
Processor Information for all 12 processors :
  Max Mhz: 2500, Current Mhz: 2500, Mhz Limit: 2500

Memory: 4k page, system-wide physical 16156M (4054M free)
TotalPageFile size 24348M (AvailPageFile size 4288M)
current process WorkingSet (physical memory assigned to process): 74M, peak: 101M
current process commit charge ("private bytes"): 358M, peak: 389M

vm_info: OpenJDK 64-Bit Server VM (22.0.2+9-70) for windows-amd64 JRE (22.0.2+9-70), built on 2024-06-04T16:52:23Z by "mach5one" with MS VC++ 17.6 (VS2022)

END.
